Arguments: 
  C:\Program Files\nodejs\node.exe E:\Gen1us\yarn\bin\yarn.js init

PATH: 
  E:\Gen1us\cmder\vendor\git-for-windows\mingw64\bin;E:\Gen1us\cmder\vendor\git-for-windows\usr\bin;C:\Users\Gen1us\bin;C:\Windows\system32;C:\Windows;C:\Windows\System32\Wbem;C:\Windows\System32\WindowsPowerShell\v1.0;C:\Windows\System32\OpenSSH;C:\Program Files\nodejs;C:\Users\Gen1us\AppData\Local\Yarn\bin;E:\Gen1us\yarn\bin;C:\Users\Gen1us\AppData\Local\Microsoft\WindowsApps;C:\Program Files\nodejs\node_global;E:\Gen1us\Microsoft VS Code\bin;E:\Gen1us\Git\bin;E:\Gen1us\hugo;C:\Users\Gen1us\AppData\Local\Yarn\bin

Yarn version: 
  1.19.1

Node version: 
  10.15.1

Platform: 
  win32 x64

Trace: 
  Error: canceled
      at Interface.<anonymous> (E:\Gen1us\yarn\lib\cli.js:136824:13)
      at Interface.emit (events.js:189:13)
      at Interface._ttyWrite (readline.js:783:16)
      at ReadStream.onkeypress (readline.js:168:10)
      at ReadStream.emit (events.js:189:13)
      at emitKeys (internal/readline.js:424:14)
      at emitKeys.next (<anonymous>)
      at ReadStream.onData (readline.js:1022:36)
      at ReadStream.emit (events.js:189:13)
      at addChunk (_stream_readable.js:284:12)

npm manifest: 
  {
    "devDependencies": {
      "cssnano": "^4.1.10"
    }
  }

yarn manifest: 
  No manifest

Lockfile: 
  No lockfile
